<?xml version="1.0" encoding="UTF-8"?>
<!-- Generated by org.testng.reporters.JUnitReportReporter -->
<testsuite hostname="DESKTOP-ES3GOKR" failures="0" tests="3" name="Automation.SmokeTestExecution.SmokeTestExecution" time="93.023" errors="0" timestamp="2025-05-20T13:03:10 IST" skipped="0">
  <testcase classname="Automation.SmokeTestExecution.SmokeTestExecution" name="testProdEnvironment" time="34.944"/>
  <testcase classname="Automation.SmokeTestExecution.SmokeTestExecution" name="testUatEnvironment" time="36.305"/>
  <testcase classname="Automation.SmokeTestExecution.SmokeTestExecution" name="testTestEnvironment" time="21.774"/>
</testsuite> <!-- Automation.SmokeTestExecution.SmokeTestExecution -->
