<?xml version="1.0" encoding="UTF-8"?>
<!-- Generated by org.testng.reporters.JUnitReportReporter -->
<testsuite hostname="DESKTOP-ES3GOKR" failures="0" tests="3" name="Automation.SmokeTestExecution.SmokeTestExecution" time="82.994" errors="0" timestamp="2025-05-27T10:15:51 IST" skipped="0">
  <testcase classname="Automation.SmokeTestExecution.SmokeTestExecution" name="testProdEnvironment" time="32.892"/>
  <testcase classname="Automation.SmokeTestExecution.SmokeTestExecution" name="testUatEnvironment" time="29.447"/>
  <testcase classname="Automation.SmokeTestExecution.SmokeTestExecution" name="testTestEnvironment" time="20.655"/>
</testsuite> <!-- Automation.SmokeTestExecution.SmokeTestExecution -->
