<?xml version="1.0" encoding="UTF-8"?>
<!-- Generated by org.testng.reporters.JUnitReportReporter -->
<testsuite hostname="DESKTOP-ES3GOKR" failures="0" tests="3" name="Automation.SmokeTestExecution.SmokeTestExecution" time="125.097" errors="0" timestamp="2025-05-26T10:14:07 IST" skipped="0">
  <testcase classname="Automation.SmokeTestExecution.SmokeTestExecution" name="testProdEnvironment" time="51.751"/>
  <testcase classname="Automation.SmokeTestExecution.SmokeTestExecution" name="testUatEnvironment" time="46.396"/>
  <testcase classname="Automation.SmokeTestExecution.SmokeTestExecution" name="testTestEnvironment" time="26.950"/>
</testsuite> <!-- Automation.SmokeTestExecution.SmokeTestExecution -->
